SHOW -> MAR: D188
SHOW -> D19: 81159
SHOW -> D88: 11161
SHOW -> D24: 25190
SHOW -> ICR: SHW
SHOW -> UC: SHW
SHOW -> D164: 79414
SHOW -> D68: 25190
SHOW -> D174: 98238
SHOW -> D171: 63166
SHOW -> D50: 8152
SHOW -> D164: 79414
SHOW -> D191: 49493
SHOW -> D187: 67878
SHOW -> UC: SHW
SHOW -> ICR: SHW
SHOW -> UC: SHW
SHOW -> D94: 51460
SHOW -> D94: 51460
SHOW -> D68: 25190
SHOW -> D186: 31505
SHOW -> D41: 17025
SHOW -> D42: 84174
SHOW -> D93: -35614
SHOW -> ACC: 168487
SHOW -> D98: 41777
SHOW -> D159: 82042
SHOW -> UC: SHW
SHOW -> PC: 804
SHOW -> PC: 888
SHOW -> D66: -10627
SHOW -> D87: 4600
SHOW -> D98: -6410
SHOW -> D75: 34845
SHOW -> D164: -64308
SHOW -> MAR: D99
SHOW -> D176: 53122
SHOW -> D194: 92363
SHOW -> D134: 75910
SHOW -> D22: 34845
SHOW -> D43: 62453
SHOW -> D135: 168487
SHOW -> D114: 67878
SHOW -> D191: 49493
SHOW -> D49: 34227
SHOW -> D24: 117094
SHOW -> D116: 69372
SHOW -> D42: 84174
SHOW -> D60: 83246
SHOW -> D136: -59232
SHOW -> D83: 49799
SHOW -> MAR: D93
SHOW -> D120: -6410
SHOW -> D24: 117094
SHOW -> D182: -15057
SHOW -> D19: -81158
SHOW -> D98: 8425
SHOW -> UC: SHW
SHOW -> UC: SHW
SHOW -> ICR: SHW
SHOW -> ACC: 299570
SHOW -> D38: 149650
SHOW -> D123: -80841
SHOW -> D114: 67878
SHOW -> D117: 67965
SHOW -> D152: 83246
SHOW -> UC: SHW
SHOW -> D127: 81267
SHOW -> ACC: 91965
SHOW -> D164: -64308
SHOW -> D108: 32140
SHOW -> D113: -785
SHOW -> D108: 32140
SHOW -> PC: 1480
SHOW -> D194: 92363
SHOW -> D122: 95102
SHOW -> D148: -54683
SHOW -> ACC: 60825
SHOW -> ICR: SHW
SHOW -> D92: 6960
SHOW -> D176: 53122
SHOW -> D186: -50612
SHOW -> D122: 95102
SHOW -> D189: 166382
SHOW -> D19: -137235
SHOW -> D102: 84644
SHOW -> D156: -21705
SHOW -> D103: 17751
SHOW -> D164: 60535
SHOW -> MAR: D134
SHOW -> D1: 83036
SHOW -> UC: SHW
SHOW -> D35: 37948
SHOW -> UC: SHW
SHOW -> D8: 82468
SHOW -> PC: 1740
SHOW -> UC: SHW
SHOW -> D157: 16840
SHOW -> D149: 51712
SHOW -> D191: 49493
SHOW -> D149: -51711
SHOW -> ACC: 16733
SHOW -> ICR: SHW
SHOW -> D83: 87195
SHOW -> ICR: SHW
SHOW -> D125: 8474
SHOW -> UC: SHW
SHOW -> D66: -10627
SHOW -> D138: 112280
SHOW -> D24: -149649
SHOW -> D194: -92364
SHOW -> ICR: SHW
The program finished correctly
