SHOW -> D182: 66013
SHOW -> D187: -45470
SHOW -> D8: 23765
SHOW -> D138: 6193
SHOW -> UC: SHW
SHOW -> ICR: SHW
SHOW -> D163: 57072
SHOW -> MAR: D178
SHOW -> D178: 11282
SHOW -> D111: 18721
SHOW -> D27: 25108
SHOW -> D80: 87831
SHOW -> D189: 32603
SHOW -> D138: 6193
SHOW -> ACC: -64244
SHOW -> D7: 40608
SHOW -> D34: 112200
SHOW -> MAR: D80
SHOW -> D115: 23765
SHOW -> D158: 32603
SHOW -> D151: -74922
SHOW -> D137: 91454
SHOW -> D32: 24375
SHOW -> MAR: D199
SHOW -> UC: SHW
SHOW -> D100: 84557
SHOW -> D64: 135
SHOW -> D169: 64243
SHOW -> D159: -67118
SHOW -> D45: -86751
SHOW -> D182: 66013
SHOW -> D150: 64243
SHOW -> ICR: SHW
SHOW -> ACC: 168772
SHOW -> D29: -64246
SHOW -> D4: -30116
SHOW -> D124: 3005
SHOW -> D45: -86751
SHOW -> D146: -86283
SHOW -> D78: 13757
SHOW -> D80: -87830
SHOW -> D45: -86751
SHOW -> D73: 55535
SHOW -> MAR: D12
SHOW -> D9: 5713
SHOW -> D70: 48206
SHOW -> MAR: D15
SHOW -> D80: -87830
SHOW -> D177: -22709
SHOW -> ICR: SHW
SHOW -> D71: -73865
SHOW -> D58: -65143
SHOW -> UC: SHW
SHOW -> D27: 25108
SHOW -> ICR: SHW
SHOW -> D54: -21152
The program finished correctly
